$ next build
▲ Next.js 16.2.0 (Turbopack)
- Environments: .env.local

  Creating an optimized production build ...

> Build error occurred
Error: Turbopack build failed with 7 errors:
./components/ui/dialog.tsx:4:1
Module not found: Can't resolve '@radix-ui/react-dialog'
  [90m2 |[0m
  [90m3 |[0m [36mimport[0m * [36mas[0m [33mReact[0m [36mfrom[0m [32m'react'[0m
[31m[1m>[0m [90m4 |[0m [36mimport[0m * [36mas[0m [33mDialogPrimitive[0m [36mfrom[0m [32m'@radix-ui/react-dialog'[0m
  [90m  |[0m [31m[1m^^^^^^^^^^^^^^^^^^^^^^^^^^^^^^^^^^^^^^^^^^^^^^^^^^^^^^^^^[0m
  [90m5 |[0m [36mimport[0m { [33mXIcon[0m } [36mfrom[0m [32m'lucide-react'[0m
  [90m6 |[0m
  [90m7 |[0m [36mimport[0m { cn } [36mfrom[0m [32m'@/lib/utils'[0m



Import traces:
  Client Component Browser:
    ./components/ui/dialog.tsx [Client Component Browser]
    ./src/modules/patient/components/PatientRegistrationModal.tsx [Client Component Browser]
    ./src/modules/patient/pages/PatientListPage.tsx [Client Component Browser]
    ./app/patients/page.tsx [Client Component Browser]
    ./app/patients/page.tsx [Server Component]

  Client Component SSR:
    ./components/ui/dialog.tsx [Client Component SSR]
    ./src/modules/patient/components/PatientRegistrationModal.tsx [Client Component SSR]
    ./src/modules/patient/pages/PatientListPage.tsx [Client Component SSR]
    ./app/patients/page.tsx [Client Component SSR]
    ./app/patients/page.tsx [Server Component]

https://nextjs.org/docs/messages/module-not-found


./components/ui/label.tsx:4:1
Module not found: Can't resolve '@radix-ui/react-label'
  [90m2 |[0m
  [90m3 |[0m [36mimport[0m * [36mas[0m [33mReact[0m [36mfrom[0m [32m'react'[0m
[31m[1m>[0m [90m4 |[0m [36mimport[0m * [36mas[0m [33mLabelPrimitive[0m [36mfrom[0m [32m'@radix-ui/react-label'[0m
  [90m  |[0m [31m[1m^^^^^^^^^^^^^^^^^^^^^^^^^^^^^^^^^^^^^^^^^^^^^^^^^^^^^^^[0m
  [90m5 |[0m
  [90m6 |[0m [36mimport[0m { cn } [36mfrom[0m [32m'@/lib/utils'[0m
  [90m7 |[0m



Import traces:
  Client Component Browser:
    ./components/ui/label.tsx [Client Component Browser]
    ./components/patient-form-fields/BillingPage.tsx [Client Component Browser]
    ./components/patient-form.tsx [Client Component Browser]
    ./src/modules/consultation/pages/ConsultationPage.tsx [Client Component Browser]
    ./app/consultation/page.tsx [Client Component Browser]
    ./app/consultation/page.tsx [Server Component]

  Client Component SSR:
    ./components/ui/label.tsx [Client Component SSR]
    ./components/patient-form-fields/BillingPage.tsx [Client Component SSR]
    ./components/patient-form.tsx [Client Component SSR]
    ./src/modules/consultation/pages/ConsultationPage.tsx [Client Component SSR]
    ./app/consultation/page.tsx [Client Component SSR]
    ./app/consultation/page.tsx [Server Component]

https://nextjs.org/docs/messages/module-not-found


./components/ui/popover.tsx:4:1
Module not found: Can't resolve '@radix-ui/react-popover'
  [90m2 |[0m
  [90m3 |[0m [36mimport[0m * [36mas[0m [33mReact[0m [36mfrom[0m [32m'react'[0m
[31m[1m>[0m [90m4 |[0m [36mimport[0m * [36mas[0m [33mPopoverPrimitive[0m [36mfrom[0m [32m'@radix-ui/react-popover'[0m
  [90m  |[0m [31m[1m^^^^^^^^^^^^^^^^^^^^^^^^^^^^^^^^^^^^^^^^^^^^^^^^^^^^^^^^^^^[0m
  [90m5 |[0m
  [90m6 |[0m [36mimport[0m { cn } [36mfrom[0m [32m'@/lib/utils'[0m
  [90m7 |[0m



Import traces:
  Client Component Browser:
    ./components/ui/popover.tsx [Client Component Browser]
    ./components/patient-form-fields/ComplaintsPage.tsx [Client Component Browser]
    ./components/patient-form.tsx [Client Component Browser]
    ./src/modules/consultation/pages/ConsultationPage.tsx [Client Component Browser]
    ./app/consultation/page.tsx [Client Component Browser]
    ./app/consultation/page.tsx [Server Component]

  Client Component SSR:
    ./components/ui/popover.tsx [Client Component SSR]
    ./components/patient-form-fields/ComplaintsPage.tsx [Client Component SSR]
    ./components/patient-form.tsx [Client Component SSR]
    ./src/modules/consultation/pages/ConsultationPage.tsx [Client Component SSR]
    ./app/consultation/page.tsx [Client Component SSR]
    ./app/consultation/page.tsx [Server Component]

https://nextjs.org/docs/messages/module-not-found


./components/ui/select.tsx:4:1
Module not found: Can't resolve '@radix-ui/react-select'
  [90m2 |[0m
  [90m3 |[0m [36mimport[0m * [36mas[0m [33mReact[0m [36mfrom[0m [32m'react'[0m
[31m[1m>[0m [90m4 |[0m [36mimport[0m * [36mas[0m [33mSelectPrimitive[0m [36mfrom[0m [32m'@radix-ui/react-select'[0m
  [90m  |[0m [31m[1m^^^^^^^^^^^^^^^^^^^^^^^^^^^^^^^^^^^^^^^^^^^^^^^^^^^^^^^^^[0m
  [90m5 |[0m [36mimport[0m { [33mCheckIcon[0m, [33mChevronDownIcon[0m, [33mChevronUpIcon[0m } [36mfrom[0m [32m'lucide-react'[0m
  [90m6 |[0m
  [90m7 |[0m [36mimport[0m { cn } [36mfrom[0m [32m'@/lib/utils'[0m



Import traces:
  Client Component Browser:
    ./components/ui/select.tsx [Client Component Browser]
    ./src/modules/patient/pages/PatientListPage.tsx [Client Component Browser]
    ./app/patients/page.tsx [Client Component Browser]
    ./app/patients/page.tsx [Server Component]

  Client Component SSR:
    ./components/ui/select.tsx [Client Component SSR]
    ./src/modules/patient/pages/PatientListPage.tsx [Client Component SSR]
    ./app/patients/page.tsx [Client Component SSR]
    ./app/patients/page.tsx [Server Component]

https://nextjs.org/docs/messages/module-not-found


./components/ui/separator.tsx:4:1
Module not found: Can't resolve '@radix-ui/react-separator'
  [90m2 |[0m
  [90m3 |[0m [36mimport[0m * [36mas[0m [33mReact[0m [36mfrom[0m [32m'react'[0m
[31m[1m>[0m [90m4 |[0m [36mimport[0m * [36mas[0m [33mSeparatorPrimitive[0m [36mfrom[0m [32m'@radix-ui/react-separator'[0m
  [90m  |[0m [31m[1m^^^^^^^^^^^^^^^^^^^^^^^^^^^^^^^^^^^^^^^^^^^^^^^^^^^^^^^^^^^^^^^[0m
  [90m5 |[0m
  [90m6 |[0m [36mimport[0m { cn } [36mfrom[0m [32m'@/lib/utils'[0m
  [90m7 |[0m



Import traces:
  Client Component Browser:
    ./components/ui/separator.tsx [Client Component Browser]
    ./src/modules/consultation/components/PatientInfoCard.tsx [Client Component Browser]
    ./src/modules/consultation/pages/ConsultationPage.tsx [Client Component Browser]
    ./app/consultation/page.tsx [Client Component Browser]
    ./app/consultation/page.tsx [Server Component]

  Client Component SSR:
    ./components/ui/separator.tsx [Client Component SSR]
    ./src/modules/consultation/components/PatientInfoCard.tsx [Client Component SSR]
    ./src/modules/consultation/pages/ConsultationPage.tsx [Client Component SSR]
    ./app/consultation/page.tsx [Client Component SSR]
    ./app/consultation/page.tsx [Server Component]

https://nextjs.org/docs/messages/module-not-found


./components/ui/tabs.tsx:4:1
Module not found: Can't resolve '@radix-ui/react-tabs'
  [90m2 |[0m
  [90m3 |[0m [36mimport[0m * [36mas[0m [33mReact[0m [36mfrom[0m [32m'react'[0m
[31m[1m>[0m [90m4 |[0m [36mimport[0m * [36mas[0m [33mTabsPrimitive[0m [36mfrom[0m [32m'@radix-ui/react-tabs'[0m
  [90m  |[0m [31m[1m^^^^^^^^^^^^^^^^^^^^^^^^^^^^^^^^^^^^^^^^^^^^^^^^^^^^^[0m
  [90m5 |[0m
  [90m6 |[0m [36mimport[0m { cn } [36mfrom[0m [32m'@/lib/utils'[0m
  [90m7 |[0m



Import traces:
  Client Component Browser:
    ./components/ui/tabs.tsx [Client Component Browser]
    ./src/modules/patient/pages/PatientProfilePage.tsx [Client Component Browser]
    ./app/patients/[id]/page.tsx [Client Component Browser]
    ./app/patients/[id]/page.tsx [Server Component]

  Client Component SSR:
    ./components/ui/tabs.tsx [Client Component SSR]
    ./src/modules/patient/pages/PatientProfilePage.tsx [Client Component SSR]
    ./app/patients/[id]/page.tsx [Client Component SSR]
    ./app/patients/[id]/page.tsx [Server Component]

https://nextjs.org/docs/messages/module-not-found


./app/layout.tsx:3:1
Module not found: Can't resolve '@vercel/analytics/react'
  [90m1 |[0m [36mimport[0m [36mtype[0m { [33mMetadata[0m } [36mfrom[0m [32m'next'[0m
  [90m2 |[0m [36mimport[0m { [33mGeist[0m, [33mGeist_Mono[0m } [36mfrom[0m [32m'next/font/google'[0m
[31m[1m>[0m [90m3 |[0m [36mimport[0m { [33mAnalytics[0m } [36mfrom[0m [32m'@vercel/analytics/react'[0m
  [90m  |[0m [31m[1m^^^^^^^^^^^^^^^^^^^^^^^^^^^^^^^^^^^^^^^^^^^^^^^^^^^[0m
  [90m4 |[0m [36mimport[0m [32m'./globals.css'[0m
  [90m5 |[0m
  [90m6 |[0m [36mconst[0m _geist = [33mGeist[0m({ subsets: [[32m"latin"[0m] });



https://nextjs.org/docs/messages/module-not-found


    at <unknown> (./components/ui/dialog.tsx:4:1)
    at <unknown> (https://nextjs.org/docs/messages/module-not-found)
    at <unknown> (./components/ui/label.tsx:4:1)
    at <unknown> (https://nextjs.org/docs/messages/module-not-found)
    at <unknown> (./components/ui/popover.tsx:4:1)
    at <unknown> (https://nextjs.org/docs/messages/module-not-found)
    at <unknown> (./components/ui/select.tsx:4:1)
    at <unknown> (https://nextjs.org/docs/messages/module-not-found)
    at <unknown> (./components/ui/separator.tsx:4:1)
    at <unknown> (https://nextjs.org/docs/messages/module-not-found)
    at <unknown> (./components/ui/tabs.tsx:4:1)
    at <unknown> (https://nextjs.org/docs/messages/module-not-found)
    at <unknown> (./app/layout.tsx:3:1)
    at <unknown> (https://nextjs.org/docs/messages/module-not-found)
[ELIFECYCLE] Command failed with exit code 1.
